[0;34mTSPP Build Script[0m
[1;33mStarting build process...[0m
[1;33mRemoving old build directory...[0m
[1;33mCreating new build directory...[0m
[1;33mConfiguring CMake...[0m
-- The C compiler identification is GNU 15.1.1
-- The CXX compiler identification is GNU 15.1.1
-- Detecting C compiler ABI info
-- Detecting C compiler ABI info - done
-- Check for working C compiler: /usr/bin/cc - skipped
-- Detecting C compile features
-- Detecting C compile features - done
-- Detecting CXX compiler ABI info
-- Detecting CXX compiler ABI info - done
-- Check for working CXX compiler: /usr/bin/c++ - skipped
-- Detecting CXX compile features
-- Detecting CXX compile features - done
-- Performing Test HAVE_FFI_CALL
-- Performing Test HAVE_FFI_CALL - Success
-- Found FFI: /usr/lib/libffi.so
-- Looking for histedit.h
-- Looking for histedit.h - found
-- Found LibEdit: /usr/include (found version "2.11")
-- Found ZLIB: /usr/lib/libz.so (found version "1.3.1")
-- Performing Test CMAKE_HAVE_LIBC_PTHREAD
-- Performing Test CMAKE_HAVE_LIBC_PTHREAD - Success
-- Found Threads: TRUE
-- Found LibXml2: /usr/lib/libxml2.so (found version "2.14.5")
-- Found CURL: /usr/lib/libcurl.so (found version "8.15.0")
-- Found Boehm GC: /usr/lib/libgc.so
-- Configuring done (1.3s)
-- Generating done (0.0s)
-- Build files have been written to: /home/hiren/tspp/build
[1;33mBuilding project using 4 cores...[0m
[  2%] Building CXX object src/packages/tspp_std/CMakeFiles/tspp_std.dir/fs.cpp.o
[  5%] Building CXX object src/packages/tspp_std/CMakeFiles/tspp_std.dir/os.cpp.o
[ 10%] Building CXX object src/CMakeFiles/tokens.dir/tokens/stream/token_stream.cpp.o
[ 10%] Building CXX object src/packages/tspp_std/CMakeFiles/tspp_std.dir/console.cpp.o
[ 13%] Building CXX object src/packages/tspp_std/CMakeFiles/tspp_std.dir/path.cpp.o
[ 15%] Building CXX object src/CMakeFiles/tokens.dir/tokens/token.cpp.o
[ 18%] Building CXX object src/packages/tspp_std/CMakeFiles/tspp_std.dir/std_entrypoint.cpp.o
[ 21%] Building CXX object src/packages/tspp_std/CMakeFiles/tspp_std.dir/string_util.cpp.o
[ 23%] Linking CXX static library libtspp_std.a
[ 23%] Built target tspp_std
[ 26%] Linking CXX static library libtokens.a
[ 26%] Built target tokens
[ 34%] Building CXX object src/CMakeFiles/core.dir/core/diagnostics/error_reporter.cpp.o
[ 34%] Building CXX object src/CMakeFiles/core.dir/core/utils/log_utils.cpp.o
[ 34%] Building CXX object src/CMakeFiles/core.dir/core/utils/file_utils.cpp.o
[ 36%] Building CXX object src/CMakeFiles/core.dir/core/utils/string_utils.cpp.o
[ 39%] Linking CXX static library libcore.a
[ 39%] Built target core
[ 47%] Building CXX object src/CMakeFiles/lexer.dir/lexer/lexer.cpp.o
[ 47%] Building CXX object src/CMakeFiles/parser.dir/parser/parser.cpp.o
[ 47%] Building CXX object src/CMakeFiles/lexer.dir/lexer/scanner/base/scanner_base.cpp.o
[ 50%] Building CXX object src/CMakeFiles/lexer.dir/lexer/scanner/specialized/identifier_scanner.cpp.o
[ 52%] Building CXX object src/CMakeFiles/lexer.dir/lexer/scanner/specialized/number_scanner.cpp.o
[ 55%] Building CXX object src/CMakeFiles/lexer.dir/lexer/scanner/specialized/operator_scanner.cpp.o
[ 57%] Building CXX object src/CMakeFiles/parser.dir/parser/visitors/ast_builder/ast_builder_visitor.cpp.o
[ 60%] Building CXX object src/CMakeFiles/lexer.dir/lexer/scanner/specialized/string_scanner.cpp.o
[ 63%] Building CXX object src/CMakeFiles/parser.dir/parser/visitors/ast_builder/ast_builders/DeclarationBuilder.cpp.o
[ 65%] Building CXX object src/CMakeFiles/parser.dir/parser/visitors/ast_builder/ast_builders/StatementBuilder.cpp.o
[ 68%] Building CXX object src/CMakeFiles/lexer.dir/lexer/scanner/token_scanner.cpp.o
[ 71%] Building CXX object src/CMakeFiles/lexer.dir/lexer/state/lexer_state.cpp.o
[ 73%] Building CXX object src/CMakeFiles/parser.dir/parser/visitors/ast_builder/ast_builders/ExpressionBuilder.cpp.o
[ 76%] Building CXX object src/CMakeFiles/parser.dir/parser/visitors/ast_builder/ast_builders/TypeBuilder.cpp.o
[ 78%] Building CXX object src/CMakeFiles/parser.dir/parser/visitors/semantic/SemanticAnalyzerVisitor.cpp.o
[ 81%] Building CXX object src/CMakeFiles/parser.dir/parser/visitors/semantic/SemanticScope.cpp.o
[ 84%] Linking CXX static library liblexer.a
[ 84%] Built target lexer
[ 86%] Linking CXX static library libparser.a
[ 86%] Built target parser
[ 89%] Building CXX object src/CMakeFiles/tspp_codegen.dir/codegen/LLVMCodeGenerator.cpp.o
[ 92%] Building CXX object src/CMakeFiles/tspp_codegen.dir/codegen/ConstantExpressionEvaluator.cpp.o
[ 94%] Linking CXX static library libtspp_codegen.a
[ 94%] Built target tspp_codegen
[ 97%] Building CXX object src/CMakeFiles/tspp.dir/main.cpp.o
[0;31mError: Build failed[0m
[0;34mTSPP Build Script[0m
[1;33mStarting build process...[0m
[1;33mRemoving old build directory...[0m
[1;33mCreating new build directory...[0m
[1;33mConfiguring CMake...[0m
-- The C compiler identification is GNU 15.1.1
-- The CXX compiler identification is GNU 15.1.1
-- Detecting C compiler ABI info
-- Detecting C compiler ABI info - done
-- Check for working C compiler: /usr/bin/cc - skipped
-- Detecting C compile features
-- Detecting C compile features - done
-- Detecting CXX compiler ABI info
-- Detecting CXX compiler ABI info - done
-- Check for working CXX compiler: /usr/bin/c++ - skipped
-- Detecting CXX compile features
-- Detecting CXX compile features - done
-- Performing Test HAVE_FFI_CALL
-- Performing Test HAVE_FFI_CALL - Success
-- Found FFI: /usr/lib/libffi.so
-- Looking for histedit.h
-- Looking for histedit.h - found
-- Found LibEdit: /usr/include (found version "2.11")
-- Found ZLIB: /usr/lib/libz.so (found version "1.3.1")
-- Performing Test CMAKE_HAVE_LIBC_PTHREAD
-- Performing Test CMAKE_HAVE_LIBC_PTHREAD - Success
-- Found Threads: TRUE
-- Found LibXml2: /usr/lib/libxml2.so (found version "2.14.5")
-- Found CURL: /usr/lib/libcurl.so (found version "8.15.0")
-- Found Boehm GC: /usr/lib/libgc.so
-- Configuring done (1.2s)
-- Generating done (0.0s)
-- Build files have been written to: /home/hiren/tspp/build
[1;33mBuilding project using 4 cores...[0m
[  2%] Building CXX object src/CMakeFiles/tokens.dir/tokens/stream/token_stream.cpp.o
[  5%] Building CXX object src/CMakeFiles/tokens.dir/tokens/token.cpp.o
[  7%] Building CXX object src/packages/tspp_std/CMakeFiles/tspp_std.dir/console.cpp.o
[ 10%] Building CXX object src/packages/tspp_std/CMakeFiles/tspp_std.dir/fs.cpp.o
[ 13%] Building CXX object src/packages/tspp_std/CMakeFiles/tspp_std.dir/os.cpp.o
[ 15%] Building CXX object src/packages/tspp_std/CMakeFiles/tspp_std.dir/path.cpp.o
[ 18%] Building CXX object src/packages/tspp_std/CMakeFiles/tspp_std.dir/std_entrypoint.cpp.o
[ 21%] Building CXX object src/packages/tspp_std/CMakeFiles/tspp_std.dir/string_util.cpp.o
[ 23%] Linking CXX static library libtokens.a
[ 23%] Built target tokens
[ 26%] Linking CXX static library libtspp_std.a
[ 28%] Building CXX object src/CMakeFiles/core.dir/core/diagnostics/error_reporter.cpp.o
[ 34%] Building CXX object src/CMakeFiles/core.dir/core/utils/log_utils.cpp.o
[ 34%] Building CXX object src/CMakeFiles/core.dir/core/utils/file_utils.cpp.o
[ 34%] Built target tspp_std
[ 36%] Building CXX object src/CMakeFiles/core.dir/core/utils/string_utils.cpp.o
